Testsuite: gov.nasa.jpf.test.mc.threads.MissedPathTest
Tests run: 3, Failures: 0, Errors: 0, Skipped: 0, Time elapsed: 4.946 sec
------------- Standard Output ---------------
  running jpf with args: +vm.shared.break_on_exposure=true
JavaPathfinder core system v8.0 (rev 32+) - (C) 2005-2014 United States Government. All rights reserved.


====================================================== system under test
gov.nasa.jpf.test.mc.threads.MissedPathTest.runTestMethod()

====================================================== search started: 9/7/17 11:28 AM

====================================================== error 1
gov.nasa.jpf.vm.NoUncaughtExceptionsProperty
java.lang.AssertionError: gotcha
	at gov.nasa.jpf.test.mc.threads.MissedPathTest$StaticFieldPropagation.run(MissedPathTest.java:77)


====================================================== snapshot #1
thread java.lang.Thread:{id:0,name:main,status:RUNNING,priority:5,isDaemon:false,lockCount:0,suspendCount:0}
  call stack:
	at gov.nasa.jpf.test.mc.threads.MissedPathTest.testStaticFieldPropagation(MissedPathTest.java:96)
	at java.lang.reflect.Method.invoke(Method.java)
	at gov.nasa.jpf.util.test.TestJPF.runTestMethod(TestJPF.java:648)

thread gov.nasa.jpf.test.mc.threads.MissedPathTest$StaticFieldPropagation:{id:1,name:Thread-1,status:RUNNING,priority:5,isDaemon:false,lockCount:0,suspendCount:0}
  call stack:
	at gov.nasa.jpf.test.mc.threads.MissedPathTest$StaticFieldPropagation.run(MissedPathTest.java:77)


====================================================== results
error #1: gov.nasa.jpf.vm.NoUncaughtExceptionsProperty "java.lang.AssertionError: gotcha  at gov.nasa.jpf...."

====================================================== search finished: 9/7/17 11:28 AM
  running jpf with args: +vm.storage.class=nil
JavaPathfinder core system v8.0 (rev 32+) - (C) 2005-2014 United States Government. All rights reserved.


====================================================== system under test
gov.nasa.jpf.test.mc.threads.MissedPathTest.runTestMethod()

====================================================== search started: 9/7/17 11:28 AM
M: new gov.nasa.jpf.test.mc.threads.MissedPathTest$X@43611
M: x.pass=true
T: accessed global myX
M: x.pass=true
T: accessed global myX
M: x.pass=true
T: accessed global myX
M: x.pass=true
T: accessed global myX
T: accessed global myX
M: x.pass=true
M: new gov.nasa.jpf.test.mc.threads.MissedPathTest$X@43611
M: x.pass=true
T: accessed global myX
M: x.pass=true
T: accessed global myX
M: x.pass=true
T: accessed global myX
T: accessed global myX
M: x.pass=true
M: x.pass=true
T: accessed global myX
M: x.pass=true
T: accessed global myX
T: accessed global myX
M: x.pass=true
M: x.pass=true
T: accessed global myX
T: accessed global myX
M: x.pass=true
T: accessed global myX
M: x.pass=true
M: new gov.nasa.jpf.test.mc.threads.MissedPathTest$X@43611
M: x.pass=true
T: accessed global myX
M: x.pass=true
T: accessed global myX
T: accessed global myX
M: x.pass=true
M: x.pass=true
T: accessed global myX
T: accessed global myX
M: x.pass=true
T: accessed global myX
M: x.pass=true
M: new gov.nasa.jpf.test.mc.threads.MissedPathTest$X@43611
M: x.pass=true
T: accessed global myX
T: accessed global myX
M: x.pass=true
T: accessed global myX
M: x.pass=true
T: accessed global myX
M: new gov.nasa.jpf.test.mc.threads.MissedPathTest$X@43611
M: x.pass=true

====================================================== results
no errors detected

====================================================== search finished: 9/7/17 11:28 AM
  running jpf with args: +vm.shared.break_on_exposure=true
JavaPathfinder core system v8.0 (rev 32+) - (C) 2005-2014 United States Government. All rights reserved.


====================================================== system under test
gov.nasa.jpf.test.mc.threads.MissedPathTest.runTestMethod()

====================================================== search started: 9/7/17 11:28 AM
M: new gov.nasa.jpf.test.mc.threads.MissedPathTest$X@43605
M: x.pass=true
T: accessed global myX
M: x.pass=true
T: accessed global myX
T: accessed global myX
M: x.pass=true
M: x.pass=true

====================================================== error 1
gov.nasa.jpf.vm.NoUncaughtExceptionsProperty
java.lang.AssertionError: gotcha
	at gov.nasa.jpf.test.mc.threads.MissedPathTest$InstanceFieldPropagation.run(MissedPathTest.java:42)


====================================================== snapshot #1
thread java.lang.Thread:{id:0,name:main,status:RUNNING,priority:5,isDaemon:false,lockCount:0,suspendCount:0}
  call stack:
	at gov.nasa.jpf.test.mc.threads.MissedPathTest.testInstanceFieldPropagation(MissedPathTest.java:60)
	at java.lang.reflect.Method.invoke(Method.java)
	at gov.nasa.jpf.util.test.TestJPF.runTestMethod(TestJPF.java:648)

thread gov.nasa.jpf.test.mc.threads.MissedPathTest$InstanceFieldPropagation:{id:1,name:Thread-1,status:RUNNING,priority:5,isDaemon:false,lockCount:0,suspendCount:0}
  call stack:
	at gov.nasa.jpf.test.mc.threads.MissedPathTest$InstanceFieldPropagation.run(MissedPathTest.java:42)


====================================================== results
error #1: gov.nasa.jpf.vm.NoUncaughtExceptionsProperty "java.lang.AssertionError: gotcha  at gov.nasa.jpf...."

====================================================== search finished: 9/7/17 11:28 AM
------------- ---------------- ---------------

Testcase: testStaticFieldPropagation took 2.989 sec
Testcase: testCompetingExposures took 1.051 sec
Testcase: testInstanceFieldPropagation took 0.742 sec
