Testsuite: gov.nasa.jpf.test.mc.basic.TraceTest
Tests run: 3, Failures: 0, Errors: 0, Skipped: 0, Time elapsed: 8.252 sec
------------- Standard Output ---------------
  running jpf with args: +listener=.listener.TraceStorer +trace.file=trace +trace.depth=3 +search.depth_limit=3 gov.nasa.jpf.test.mc.basic.TraceTest baz
JavaPathfinder core system v8.0 (rev 32+) - (C) 2005-2014 United States Government. All rights reserved.


====================================================== system under test
gov.nasa.jpf.test.mc.basic.TraceTest.runTestMethod("gov.nasa.jpf.test.mc.basic.TraceTest","baz")

====================================================== search started: 9/7/17 11:25 AM

====================================================== results
no errors detected

====================================================== search finished: 9/7/17 11:25 AM
  running jpf with args: +listener=.listener.ChoiceSelector +choice.use_trace=trace +search.depth_limit=3 gov.nasa.jpf.test.mc.basic.TraceTest baz
JavaPathfinder core system v8.0 (rev 32+) - (C) 2005-2014 United States Government. All rights reserved.


====================================================== system under test
gov.nasa.jpf.test.mc.basic.TraceTest.runTestMethod("gov.nasa.jpf.test.mc.basic.TraceTest","baz")

====================================================== search started: 9/7/17 11:25 AM

====================================================== results
no errors detected

====================================================== search finished: 9/7/17 11:25 AM
--- creating trace
  running jpf with args: +listener=.listener.TraceStorer +trace.file=trace
JavaPathfinder core system v8.0 (rev 32+) - (C) 2005-2014 United States Government. All rights reserved.


====================================================== system under test
gov.nasa.jpf.test.mc.basic.TraceTest.runTestMethod()

====================================================== search started: 9/7/17 11:25 AM
0,0,0,false,0
0,0,0,false,1
0,0,0,false,2
0,0,0,false,3
0,0,0,true,0
0,0,0,true,1
0,0,0,true,2
0,0,0,true,3
0,0,1,false,0
0,0,1,false,1
0,0,1,false,2
0,0,1,false,3
0,0,1,true,0
0,0,1,true,1
0,0,1,true,2
0,0,1,true,3
0,0,2,false,0
0,0,2,false,1
0,0,2,false,2
0,0,2,false,3
0,0,2,true,0
0,0,2,true,1
0,0,2,true,2
0,0,2,true,3
0,0,3,false,0
0,0,3,false,1
0,0,3,false,2
0,0,3,false,3
0,0,3,true,0
0,0,3,true,1
0,0,3,true,2
0,0,3,true,3
0,0,4,false,0
0,0,4,false,1
0,0,4,false,2
0,0,4,false,3
0,0,4,true,0
0,0,4,true,1
0,0,4,true,2
0,0,4,true,3
0,0,5,false,0
0,0,5,false,1
0,0,5,false,2
0,0,5,false,3
0,0,5,true,0
0,0,5,true,1
0,0,5,true,2
0,0,5,true,3
0,1,0,false,0
0,1,0,false,1
0,1,0,false,2
0,1,0,false,3
0,1,0,true,0
0,1,0,true,1
0,1,0,true,2
0,1,0,true,3
0,1,1,false,0
0,1,1,false,1
0,1,1,false,2
0,1,1,false,3
0,1,1,true,0
0,1,1,true,1
0,1,1,true,2
0,1,1,true,3
0,1,2,false,0
0,1,2,false,1
0,1,2,false,2
0,1,2,false,3
0,1,2,true,0
0,1,2,true,1
0,1,2,true,2
0,1,2,true,3

====================================================== error 1
gov.nasa.jpf.vm.NoUncaughtExceptionsProperty
java.lang.AssertionError
	at gov.nasa.jpf.test.mc.basic.TraceTest.bar(TraceTest.java:92)
	at java.lang.reflect.Method.invoke(gov.nasa.jpf.vm.JPF_java_lang_reflect_Method)
	at gov.nasa.jpf.util.test.TestJPF.runTestMethod(TestJPF.java:648)


====================================================== snapshot #1
thread java.lang.Thread:{id:0,name:main,status:RUNNING,priority:5,isDaemon:false,lockCount:0,suspendCount:0}
  call stack:
	at gov.nasa.jpf.util.test.TestJPF.runTestMethod(TestJPF.java:650)


====================================================== results
error #1: gov.nasa.jpf.vm.NoUncaughtExceptionsProperty "java.lang.AssertionError  at gov.nasa.jpf.test.mc...."

====================================================== search finished: 9/7/17 11:25 AM
--- replaying trace
  running jpf with args: +listener=.listener.ChoiceSelector +choice.use_trace=trace
JavaPathfinder core system v8.0 (rev 32+) - (C) 2005-2014 United States Government. All rights reserved.


====================================================== system under test
gov.nasa.jpf.test.mc.basic.TraceTest.runTestMethod()

====================================================== search started: 9/7/17 11:25 AM
0,1,2,true,3

====================================================== error 1
gov.nasa.jpf.vm.NoUncaughtExceptionsProperty
java.lang.AssertionError
	at gov.nasa.jpf.test.mc.basic.TraceTest.bar(TraceTest.java:92)
	at java.lang.reflect.Method.invoke(gov.nasa.jpf.vm.JPF_java_lang_reflect_Method)
	at gov.nasa.jpf.util.test.TestJPF.runTestMethod(TestJPF.java:648)


====================================================== snapshot #1
thread java.lang.Thread:{id:0,name:main,status:RUNNING,priority:5,isDaemon:false,lockCount:0,suspendCount:0}
  call stack:
	at gov.nasa.jpf.util.test.TestJPF.runTestMethod(TestJPF.java:650)


====================================================== results
error #1: gov.nasa.jpf.vm.NoUncaughtExceptionsProperty "java.lang.AssertionError  at gov.nasa.jpf.test.mc...."

====================================================== search finished: 9/7/17 11:25 AM
  running jpf with args:
JavaPathfinder core system v8.0 (rev 32+) - (C) 2005-2014 United States Government. All rights reserved.


====================================================== system under test
gov.nasa.jpf.test.mc.basic.TraceTest.runTestMethod()

====================================================== search started: 9/7/17 11:25 AM
pre-trace choice: 0,100

====================================================== results
no errors detected

====================================================== search finished: 9/7/17 11:25 AM
  running jpf with args: +listener=.listener.ChoiceSelector +choice.use_trace=trace
JavaPathfinder core system v8.0 (rev 32+) - (C) 2005-2014 United States Government. All rights reserved.


====================================================== system under test
gov.nasa.jpf.test.mc.basic.TraceTest.runTestMethod()

====================================================== search started: 9/7/17 11:25 AM
pre-trace choice: 0,100
post-trace choice: 0,100,0
post-trace choice: 0,100,1
post-trace choice: 0,100,2
post-trace choice: 0,100,3

====================================================== results
no errors detected

====================================================== search finished: 9/7/17 11:25 AM
------------- ---------------- ---------------

Testcase: testDepth took 3.975 sec
Testcase: testErrorTrace took 2.721 sec
Testcase: testPartialTrace took 1.425 sec
