Testsuite: gov.nasa.jpf.test.mc.threads.HORaceTest
Tests run: 1, Failures: 0, Errors: 0, Skipped: 0, Time elapsed: 3.537 sec
------------- Standard Output ---------------
  running jpf with args:
JavaPathfinder core system v8.0 (rev 32+) - (C) 2005-2014 United States Government. All rights reserved.


====================================================== system under test
gov.nasa.jpf.test.mc.threads.HORaceTest.runTestMethod()

====================================================== search started: 9/7/17 11:28 AM
d2 = 42,42
d2 = 42,42
d2 = 42,41

====================================================== error 1
gov.nasa.jpf.vm.NoUncaughtExceptionsProperty
java.lang.AssertionError: inconsistent d2
	at gov.nasa.jpf.test.mc.threads.HORaceTest.testHighOrderRace(HORaceTest.java:99)
	at java.lang.reflect.Method.invoke(gov.nasa.jpf.vm.JPF_java_lang_reflect_Method)
	at gov.nasa.jpf.util.test.TestJPF.runTestMethod(TestJPF.java:648)


====================================================== snapshot #1
thread java.lang.Thread:{id:0,name:main,status:RUNNING,priority:5,isDaemon:false,lockCount:0,suspendCount:0}
  call stack:
	at gov.nasa.jpf.util.test.TestJPF.runTestMethod(TestJPF.java:650)


====================================================== results
error #1: gov.nasa.jpf.vm.NoUncaughtExceptionsProperty "java.lang.AssertionError: inconsistent d2  at gov...."

====================================================== search finished: 9/7/17 11:28 AM
------------- ---------------- ---------------

Testcase: testHighOrderRace took 3.48 sec
