Testsuite: gov.nasa.jpf.test.mc.data.CrossingTest
Tests run: 2, Failures: 0, Errors: 0, Skipped: 0, Time elapsed: 6.611 sec
------------- Standard Output ---------------
  running jpf with args: +search.class=gov.nasa.jpf.search.heuristic.BFSHeuristic
JavaPathfinder core system v8.0 (rev 32+) - (C) 2005-2014 United States Government. All rights reserved.


====================================================== system under test
gov.nasa.jpf.test.mc.data.CrossingTest.runTestMethod()

====================================================== search started: 9/7/17 11:26 AM
total time = 17

====================================================== error 1
gov.nasa.jpf.vm.NoUncaughtExceptionsProperty
java.lang.AssertionError: total > 17  |  total = 17
	at gov.nasa.jpf.test.mc.data.CrossingTest.run(CrossingTest.java:225)
	at gov.nasa.jpf.test.mc.data.CrossingTest.testBFSHeuristic(CrossingTest.java:279)
	at java.lang.reflect.Method.invoke(gov.nasa.jpf.vm.JPF_java_lang_reflect_Method)
	at gov.nasa.jpf.util.test.TestJPF.runTestMethod(TestJPF.java:648)


====================================================== snapshot #1
thread java.lang.Thread:{id:0,name:main,status:RUNNING,priority:5,isDaemon:false,lockCount:0,suspendCount:0}
  call stack:
	at gov.nasa.jpf.util.test.TestJPF.runTestMethod(TestJPF.java:650)


====================================================== results
error #1: gov.nasa.jpf.vm.NoUncaughtExceptionsProperty "java.lang.AssertionError: total > 17  |  total = 1..."

====================================================== search finished: 9/7/17 11:26 AM
  running jpf with args:
JavaPathfinder core system v8.0 (rev 32+) - (C) 2005-2014 United States Government. All rights reserved.


====================================================== system under test
gov.nasa.jpf.test.mc.data.CrossingTest.runTestMethod()

====================================================== search started: 9/7/17 11:26 AM
total time = 17

====================================================== error 1
gov.nasa.jpf.vm.NoUncaughtExceptionsProperty
java.lang.AssertionError: total > 17  |  total = 17
	at gov.nasa.jpf.test.mc.data.CrossingTest.run(CrossingTest.java:225)
	at gov.nasa.jpf.test.mc.data.CrossingTest.testNoHeuristic(CrossingTest.java:273)
	at java.lang.reflect.Method.invoke(gov.nasa.jpf.vm.JPF_java_lang_reflect_Method)
	at gov.nasa.jpf.util.test.TestJPF.runTestMethod(TestJPF.java:648)


====================================================== snapshot #1
thread java.lang.Thread:{id:0,name:main,status:RUNNING,priority:5,isDaemon:false,lockCount:0,suspendCount:0}
  call stack:
	at gov.nasa.jpf.util.test.TestJPF.runTestMethod(TestJPF.java:650)


====================================================== results
error #1: gov.nasa.jpf.vm.NoUncaughtExceptionsProperty "java.lang.AssertionError: total > 17  |  total = 1..."

====================================================== search finished: 9/7/17 11:26 AM
------------- ---------------- ---------------

Testcase: testBFSHeuristic took 5.07 sec
Testcase: testNoHeuristic took 1.461 sec
