Testsuite: gov.nasa.jpf.test.java.lang.SystemTest
Tests run: 6, Failures: 0, Errors: 0, Skipped: 0, Time elapsed: 7.524 sec
------------- Standard Output ---------------
  running jpf with args:
JavaPathfinder core system v8.0 (rev 32+) - (C) 2005-2014 United States Government. All rights reserved.


====================================================== system under test
gov.nasa.jpf.test.java.lang.SystemTest.runTestMethod()

====================================================== search started: 9/7/17 11:21 AM

====================================================== results
no errors detected

====================================================== search finished: 9/7/17 11:21 AM
  running jpf with args:
JavaPathfinder core system v8.0 (rev 32+) - (C) 2005-2014 United States Government. All rights reserved.


====================================================== system under test
gov.nasa.jpf.test.java.lang.SystemTest.runTestMethod()

====================================================== search started: 9/7/17 11:21 AM
calling System.exit(0)
calling System.exit(0)
calling System.exit(0)
calling System.exit(0)
calling System.exit(0)
calling System.exit(0)

====================================================== results
no errors detected

====================================================== search finished: 9/7/17 11:21 AM
  running jpf with args:
JavaPathfinder core system v8.0 (rev 32+) - (C) 2005-2014 United States Government. All rights reserved.


====================================================== system under test
gov.nasa.jpf.test.java.lang.SystemTest.runTestMethod()

====================================================== search started: 9/7/17 11:21 AM

====================================================== results
no errors detected

====================================================== search finished: 9/7/17 11:21 AM
  running jpf with args:
JavaPathfinder core system v8.0 (rev 32+) - (C) 2005-2014 United States Government. All rights reserved.


====================================================== system under test
gov.nasa.jpf.test.java.lang.SystemTest.runTestMethod()

====================================================== search started: 9/7/17 11:21 AM

====================================================== results
no errors detected

====================================================== search finished: 9/7/17 11:21 AM
  running jpf with args:
JavaPathfinder core system v8.0 (rev 32+) - (C) 2005-2014 United States Government. All rights reserved.


====================================================== system under test
gov.nasa.jpf.test.java.lang.SystemTest.runTestMethod()

====================================================== search started: 9/7/17 11:21 AM
processing choice: 0
copying array
processing choice: 1
checking if non-copied dst[0] is still null

====================================================== results
no errors detected

====================================================== search finished: 9/7/17 11:21 AM
  running jpf with args:
JavaPathfinder core system v8.0 (rev 32+) - (C) 2005-2014 United States Government. All rights reserved.


====================================================== system under test
gov.nasa.jpf.test.java.lang.SystemTest.runTestMethod()

====================================================== search started: 9/7/17 11:21 AM

====================================================== error 1
gov.nasa.jpf.vm.NoUncaughtExceptionsProperty
java.lang.ArrayStoreException: incompatible reference array element type (required java.lang.String, found java.lang.Integer
	at java.lang.System.arraycopy(gov.nasa.jpf.vm.JPF_java_lang_System)
	at gov.nasa.jpf.test.java.lang.SystemTest.testIncompatibleReferencesArrayCopy(SystemTest.java:130)
	at java.lang.reflect.Method.invoke(gov.nasa.jpf.vm.JPF_java_lang_reflect_Method)
	at gov.nasa.jpf.util.test.TestJPF.runTestMethod(TestJPF.java:648)


====================================================== snapshot #1
thread java.lang.Thread:{id:0,name:main,status:RUNNING,priority:5,isDaemon:false,lockCount:0,suspendCount:0}
  call stack:
	at gov.nasa.jpf.util.test.TestJPF.runTestMethod(TestJPF.java:650)


====================================================== results
error #1: gov.nasa.jpf.vm.NoUncaughtExceptionsProperty "java.lang.ArrayStoreException: incompatible refere..."

====================================================== search finished: 9/7/17 11:21 AM
------------- ---------------- ---------------

Testcase: testOverlappingSelfArrayCopy took 3.75 sec
Testcase: testExit took 0.88 sec
Testcase: testSelfArrayCopy took 0.596 sec
Testcase: testSimpleArrayCopy took 0.525 sec
Testcase: testRestoredArrayCopy took 0.645 sec
Testcase: testIncompatibleReferencesArrayCopy took 1.034 sec
