Testsuite: gov.nasa.jpf.test.vm.reflection.MethodTest
Tests run: 30, Failures: 0, Errors: 0, Skipped: 0, Time elapsed: 24.402 sec
------------- Standard Output ---------------
  running jpf with args:
JavaPathfinder core system v8.0 (rev 32+) - (C) 2005-2014 United States Government. All rights reserved.


====================================================== system under test
gov.nasa.jpf.test.vm.reflection.MethodTest.runTestMethod()

====================================================== search started: 9/7/17 11:31 AM
7=>7
8=>8
9=>9
10=>10
3.1415=>3.1415
3.14159=>3.14159
true=>ILLEGAL
w=>ILLEGAL
hello=>ILLEGAL
null=>null

====================================================== results
no errors detected

====================================================== search finished: 9/7/17 11:31 AM
  running jpf with args:
JavaPathfinder core system v8.0 (rev 32+) - (C) 2005-2014 United States Government. All rights reserved.


====================================================== system under test
gov.nasa.jpf.test.vm.reflection.MethodTest.runTestMethod()

====================================================== search started: 9/7/17 11:31 AM
7=>7
8=>8
9=>9
10=>10
3.1415=>3.1415
3.14159=>3.14159
true=>true
w=>w
hello=>hello
null=>null

====================================================== results
no errors detected

====================================================== search finished: 9/7/17 11:31 AM
  running jpf with args:
JavaPathfinder core system v8.0 (rev 32+) - (C) 2005-2014 United States Government. All rights reserved.


====================================================== system under test
gov.nasa.jpf.test.vm.reflection.MethodTest.runTestMethod()

====================================================== search started: 9/7/17 11:31 AM
oneFoo(@A int) : @gov.nasa.jpf.test.vm.reflection.MethodTest$A(value=arg 1)
twoFoo(int, @A int)  : [Ljava.lang.annotation.Annotation;@44422,@gov.nasa.jpf.test.vm.reflection.MethodTest$A(value=arg 2)

====================================================== results
no errors detected

====================================================== search finished: 9/7/17 11:31 AM
  running jpf with args:
JavaPathfinder core system v8.0 (rev 32+) - (C) 2005-2014 United States Government. All rights reserved.


====================================================== system under test
gov.nasa.jpf.test.vm.reflection.MethodTest.runTestMethod()

====================================================== search started: 9/7/17 11:31 AM
7=>ILLEGAL
8=>ILLEGAL
9=>ILLEGAL
10=>ILLEGAL
3.1415=>ILLEGAL
3.14159=>ILLEGAL
true=>ILLEGAL
w=>ILLEGAL
hello=>hello
null=>null

====================================================== results
no errors detected

====================================================== search finished: 9/7/17 11:31 AM
  running jpf with args:
JavaPathfinder core system v8.0 (rev 32+) - (C) 2005-2014 United States Government. All rights reserved.


====================================================== system under test
gov.nasa.jpf.test.vm.reflection.MethodTest.runTestMethod()

====================================================== search started: 9/7/17 11:31 AM

====================================================== error 1
gov.nasa.jpf.vm.NoUncaughtExceptionsProperty
java.lang.IllegalArgumentException: Wrong number of arguments passed.  Actual = 1.  Expected = 0
	at java.lang.reflect.Method.invoke(gov.nasa.jpf.vm.JPF_java_lang_reflect_Method)
	at gov.nasa.jpf.test.vm.reflection.MethodTest.invokeWrongNumberOfArguments(MethodTest.java:249)
	at java.lang.reflect.Method.invoke(gov.nasa.jpf.vm.JPF_java_lang_reflect_Method)
	at gov.nasa.jpf.util.test.TestJPF.runTestMethod(TestJPF.java:648)


====================================================== snapshot #1
thread java.lang.Thread:{id:0,name:main,status:RUNNING,priority:5,isDaemon:false,lockCount:0,suspendCount:0}
  call stack:
	at gov.nasa.jpf.util.test.TestJPF.runTestMethod(TestJPF.java:650)


====================================================== results
error #1: gov.nasa.jpf.vm.NoUncaughtExceptionsProperty "java.lang.IllegalArgumentException: Wrong number o..."

====================================================== search finished: 9/7/17 11:31 AM
  running jpf with args:
JavaPathfinder core system v8.0 (rev 32+) - (C) 2005-2014 United States Government. All rights reserved.


====================================================== system under test
gov.nasa.jpf.test.vm.reflection.MethodTest.runTestMethod()

====================================================== search started: 9/7/17 11:31 AM
7=>7
8=>ILLEGAL
9=>ILLEGAL
10=>ILLEGAL
3.1415=>ILLEGAL
3.14159=>ILLEGAL
true=>ILLEGAL
w=>ILLEGAL
hello=>ILLEGAL
null=>ILLEGAL

====================================================== results
no errors detected

====================================================== search finished: 9/7/17 11:31 AM
  running jpf with args:
JavaPathfinder core system v8.0 (rev 32+) - (C) 2005-2014 United States Government. All rights reserved.


====================================================== system under test
gov.nasa.jpf.test.vm.reflection.MethodTest.runTestMethod()

====================================================== search started: 9/7/17 11:31 AM
7=>ILLEGAL
8=>ILLEGAL
9=>ILLEGAL
10=>ILLEGAL
3.1415=>ILLEGAL
3.14159=>ILLEGAL
true=>ILLEGAL
w=>w
hello=>ILLEGAL
null=>ILLEGAL

====================================================== results
no errors detected

====================================================== search finished: 9/7/17 11:31 AM
  running jpf with args:
JavaPathfinder core system v8.0 (rev 32+) - (C) 2005-2014 United States Government. All rights reserved.


====================================================== system under test
gov.nasa.jpf.test.vm.reflection.MethodTest.runTestMethod()

====================================================== search started: 9/7/17 11:31 AM
7=>7
8=>8
9=>9
10=>10
3.1415=>ILLEGAL
3.14159=>ILLEGAL
true=>ILLEGAL
w=>119
hello=>ILLEGAL
null=>ILLEGAL

====================================================== results
no errors detected

====================================================== search finished: 9/7/17 11:31 AM
  running jpf with args:
JavaPathfinder core system v8.0 (rev 32+) - (C) 2005-2014 United States Government. All rights reserved.


====================================================== system under test
gov.nasa.jpf.test.vm.reflection.MethodTest.runTestMethod()

====================================================== search started: 9/7/17 11:31 AM
in foo( 3, 3.330000, Blah)
foo returned 123.456

====================================================== results
no errors detected

====================================================== search finished: 9/7/17 11:31 AM
  running jpf with args:
JavaPathfinder core system v8.0 (rev 32+) - (C) 2005-2014 United States Government. All rights reserved.


====================================================== system under test
gov.nasa.jpf.test.vm.reflection.MethodTest.runTestMethod()

====================================================== search started: 9/7/17 11:31 AM

====================================================== results
no errors detected

====================================================== search finished: 9/7/17 11:31 AM
  running jpf with args:
JavaPathfinder core system v8.0 (rev 32+) - (C) 2005-2014 United States Government. All rights reserved.


====================================================== system under test
gov.nasa.jpf.test.vm.reflection.MethodTest.runTestMethod()

====================================================== search started: 9/7/17 11:31 AM

====================================================== error 1
gov.nasa.jpf.vm.NoUncaughtExceptionsProperty
java.lang.IllegalAccessException: Class gov.nasa.jpf.test.vm.reflection.MethodTest can not access a member of class gov.nasa.jpf.test.vm.reflection.MethodTest$Faz with modifiers "private static
	at java.lang.reflect.Method.invoke(gov.nasa.jpf.vm.JPF_java_lang_reflect_Method)
	at gov.nasa.jpf.test.vm.reflection.MethodTest.invokePrivateOtherClass(MethodTest.java:184)
	at java.lang.reflect.Method.invoke(gov.nasa.jpf.vm.JPF_java_lang_reflect_Method)
	at gov.nasa.jpf.util.test.TestJPF.runTestMethod(TestJPF.java:648)


====================================================== snapshot #1
thread java.lang.Thread:{id:0,name:main,status:RUNNING,priority:5,isDaemon:false,lockCount:0,suspendCount:0}
  call stack:
	at gov.nasa.jpf.util.test.TestJPF.runTestMethod(TestJPF.java:650)


====================================================== results
error #1: gov.nasa.jpf.vm.NoUncaughtExceptionsProperty "java.lang.IllegalAccessException: Class gov.nasa.j..."

====================================================== search finished: 9/7/17 11:31 AM
  running jpf with args:
JavaPathfinder core system v8.0 (rev 32+) - (C) 2005-2014 United States Government. All rights reserved.


====================================================== system under test
gov.nasa.jpf.test.vm.reflection.MethodTest.runTestMethod()

====================================================== search started: 9/7/17 11:31 AM
7=>7.0
8=>8.0
9=>9.0
10=>10.0
3.1415=>3.1415
3.14159=>ILLEGAL
true=>ILLEGAL
w=>119.0
hello=>ILLEGAL
null=>ILLEGAL

====================================================== results
no errors detected

====================================================== search finished: 9/7/17 11:31 AM
  running jpf with args:
JavaPathfinder core system v8.0 (rev 32+) - (C) 2005-2014 United States Government. All rights reserved.


====================================================== system under test
gov.nasa.jpf.test.vm.reflection.MethodTest.runTestMethod()

====================================================== search started: 9/7/17 11:31 AM
7=>7
8=>8
9=>ILLEGAL
10=>ILLEGAL
3.1415=>ILLEGAL
3.14159=>ILLEGAL
true=>ILLEGAL
w=>ILLEGAL
hello=>ILLEGAL
null=>ILLEGAL

====================================================== results
no errors detected

====================================================== search finished: 9/7/17 11:31 AM
  running jpf with args:
JavaPathfinder core system v8.0 (rev 32+) - (C) 2005-2014 United States Government. All rights reserved.


====================================================== system under test
gov.nasa.jpf.test.vm.reflection.MethodTest.runTestMethod()

====================================================== search started: 9/7/17 11:31 AM
in harr(41)
harr returned 42

====================================================== results
no errors detected

====================================================== search finished: 9/7/17 11:31 AM
  running jpf with args:
JavaPathfinder core system v8.0 (rev 32+) - (C) 2005-2014 United States Government. All rights reserved.


====================================================== system under test
gov.nasa.jpf.test.vm.reflection.MethodTest.runTestMethod()

====================================================== search started: 9/7/17 11:31 AM

====================================================== error 1
gov.nasa.jpf.vm.NoUncaughtExceptionsProperty
java.lang.NoSuchMethodException: java.lang.Integer.toUnsignedString0(II)
	at java.lang.Class.getMethod(gov.nasa.jpf.vm.JPF_java_lang_Class)
	at gov.nasa.jpf.test.vm.reflection.MethodTest.getPrivateMethod(MethodTest.java:161)
	at java.lang.reflect.Method.invoke(gov.nasa.jpf.vm.JPF_java_lang_reflect_Method)
	at gov.nasa.jpf.util.test.TestJPF.runTestMethod(TestJPF.java:648)


====================================================== snapshot #1
thread java.lang.Thread:{id:0,name:main,status:RUNNING,priority:5,isDaemon:false,lockCount:0,suspendCount:0}
  call stack:
	at gov.nasa.jpf.util.test.TestJPF.runTestMethod(TestJPF.java:650)


====================================================== results
error #1: gov.nasa.jpf.vm.NoUncaughtExceptionsProperty "java.lang.NoSuchMethodException: java.lang.Integer..."

====================================================== search finished: 9/7/17 11:31 AM
  running jpf with args:
JavaPathfinder core system v8.0 (rev 32+) - (C) 2005-2014 United States Government. All rights reserved.


====================================================== system under test
gov.nasa.jpf.test.vm.reflection.MethodTest.runTestMethod()

====================================================== search started: 9/7/17 11:31 AM
in doAlmostNothing
doAlmostNothing returned null

====================================================== results
no errors detected

====================================================== search finished: 9/7/17 11:31 AM
  running jpf with args:
JavaPathfinder core system v8.0 (rev 32+) - (C) 2005-2014 United States Government. All rights reserved.


====================================================== system under test
gov.nasa.jpf.test.vm.reflection.MethodTest.runTestMethod()

====================================================== search started: 9/7/17 11:31 AM
[I@44499=>[I@44499
[F@44498=>ILLEGAL
blah=>ILLEGAL
null=>null

====================================================== results
no errors detected

====================================================== search finished: 9/7/17 11:31 AM
  running jpf with args:
JavaPathfinder core system v8.0 (rev 32+) - (C) 2005-2014 United States Government. All rights reserved.


====================================================== system under test
gov.nasa.jpf.test.vm.reflection.MethodTest.runTestMethod()

====================================================== search started: 9/7/17 11:31 AM

====================================================== results
no errors detected

====================================================== search finished: 9/7/17 11:31 AM
  running jpf with args:
JavaPathfinder core system v8.0 (rev 32+) - (C) 2005-2014 United States Government. All rights reserved.


====================================================== system under test
gov.nasa.jpf.test.vm.reflection.MethodTest.runTestMethod()

====================================================== search started: 9/7/17 11:31 AM

====================================================== error 1
gov.nasa.jpf.vm.NoUncaughtExceptionsProperty
java.lang.IllegalArgumentException: Wrong argument type at index 0.  Source Class = gov.nasa.jpf.test.vm.reflection.MethodTest$Faz.  Dest Class = gov.nasa.jpf.test.vm.reflection.MethodTest$Boo
	at java.lang.reflect.Method.invoke(gov.nasa.jpf.vm.JPF_java_lang_reflect_Method)
	at gov.nasa.jpf.test.vm.reflection.MethodTest.invokeWrongArgumentTypeReference(MethodTest.java:258)
	at java.lang.reflect.Method.invoke(gov.nasa.jpf.vm.JPF_java_lang_reflect_Method)
	at gov.nasa.jpf.util.test.TestJPF.runTestMethod(TestJPF.java:648)


====================================================== snapshot #1
thread java.lang.Thread:{id:0,name:main,status:RUNNING,priority:5,isDaemon:false,lockCount:0,suspendCount:0}
  call stack:
	at gov.nasa.jpf.util.test.TestJPF.runTestMethod(TestJPF.java:650)


====================================================== results
error #1: gov.nasa.jpf.vm.NoUncaughtExceptionsProperty "java.lang.IllegalArgumentException: Wrong argument..."

====================================================== search finished: 9/7/17 11:31 AM
  running jpf with args:
JavaPathfinder core system v8.0 (rev 32+) - (C) 2005-2014 United States Government. All rights reserved.


====================================================== system under test
gov.nasa.jpf.test.vm.reflection.MethodTest.runTestMethod()

====================================================== search started: 9/7/17 11:31 AM

====================================================== results
no errors detected

====================================================== search finished: 9/7/17 11:31 AM
  running jpf with args:
JavaPathfinder core system v8.0 (rev 32+) - (C) 2005-2014 United States Government. All rights reserved.


====================================================== system under test
gov.nasa.jpf.test.vm.reflection.MethodTest.runTestMethod()

====================================================== search started: 9/7/17 11:31 AM

====================================================== results
no errors detected

====================================================== search finished: 9/7/17 11:31 AM
  running jpf with args:
JavaPathfinder core system v8.0 (rev 32+) - (C) 2005-2014 United States Government. All rights reserved.


====================================================== system under test
gov.nasa.jpf.test.vm.reflection.MethodTest.runTestMethod()

====================================================== search started: 9/7/17 11:31 AM

====================================================== results
no errors detected

====================================================== search finished: 9/7/17 11:31 AM
  running jpf with args:
JavaPathfinder core system v8.0 (rev 32+) - (C) 2005-2014 United States Government. All rights reserved.


====================================================== system under test
gov.nasa.jpf.test.vm.reflection.MethodTest.runTestMethod()

====================================================== search started: 9/7/17 11:31 AM
7=>ILLEGAL
8=>ILLEGAL
9=>ILLEGAL
10=>ILLEGAL
3.1415=>ILLEGAL
3.14159=>ILLEGAL
true=>true
w=>ILLEGAL
hello=>ILLEGAL
null=>ILLEGAL

====================================================== results
no errors detected

====================================================== search finished: 9/7/17 11:31 AM
  running jpf with args:
JavaPathfinder core system v8.0 (rev 32+) - (C) 2005-2014 United States Government. All rights reserved.


====================================================== system under test
gov.nasa.jpf.test.vm.reflection.MethodTest.runTestMethod()

====================================================== search started: 9/7/17 11:31 AM

====================================================== error 1
gov.nasa.jpf.vm.NoUncaughtExceptionsProperty
java.lang.NoSuchMethodException: java.lang.Integer.notify()
	at java.lang.Class.getDeclaredMethod(gov.nasa.jpf.vm.JPF_java_lang_Class)
	at gov.nasa.jpf.test.vm.reflection.MethodTest.getDeclaredMethodCantFindNotify(MethodTest.java:219)
	at java.lang.reflect.Method.invoke(gov.nasa.jpf.vm.JPF_java_lang_reflect_Method)
	at gov.nasa.jpf.util.test.TestJPF.runTestMethod(TestJPF.java:648)


====================================================== snapshot #1
thread java.lang.Thread:{id:0,name:main,status:RUNNING,priority:5,isDaemon:false,lockCount:0,suspendCount:0}
  call stack:
	at gov.nasa.jpf.util.test.TestJPF.runTestMethod(TestJPF.java:650)


====================================================== results
error #1: gov.nasa.jpf.vm.NoUncaughtExceptionsProperty "java.lang.NoSuchMethodException: java.lang.Integer..."

====================================================== search finished: 9/7/17 11:31 AM
  running jpf with args:
JavaPathfinder core system v8.0 (rev 32+) - (C) 2005-2014 United States Government. All rights reserved.


====================================================== system under test
gov.nasa.jpf.test.vm.reflection.MethodTest.runTestMethod()

====================================================== search started: 9/7/17 11:31 AM

====================================================== results
no errors detected

====================================================== search finished: 9/7/17 11:31 AM
  running jpf with args:
JavaPathfinder core system v8.0 (rev 32+) - (C) 2005-2014 United States Government. All rights reserved.


====================================================== system under test
gov.nasa.jpf.test.vm.reflection.MethodTest.runTestMethod()

====================================================== search started: 9/7/17 11:31 AM

====================================================== error 1
gov.nasa.jpf.vm.NoUncaughtExceptionsProperty
java.lang.IllegalArgumentException: Object is not an instance of declaring class.  Actual = ClassInfo[name=java.lang.Object].  Expected = ClassInfo[name=gov.nasa.jpf.test.vm.reflection.MethodTest]
	at java.lang.reflect.Method.invoke(gov.nasa.jpf.vm.JPF_java_lang_reflect_Method)
	at gov.nasa.jpf.test.vm.reflection.MethodTest.invokeWrongThisType(MethodTest.java:231)
	at java.lang.reflect.Method.invoke(gov.nasa.jpf.vm.JPF_java_lang_reflect_Method)
	at gov.nasa.jpf.util.test.TestJPF.runTestMethod(TestJPF.java:648)


====================================================== snapshot #1
thread java.lang.Thread:{id:0,name:main,status:RUNNING,priority:5,isDaemon:false,lockCount:0,suspendCount:0}
  call stack:
	at gov.nasa.jpf.util.test.TestJPF.runTestMethod(TestJPF.java:650)


====================================================== results
error #1: gov.nasa.jpf.vm.NoUncaughtExceptionsProperty "java.lang.IllegalArgumentException: Object is not ..."

====================================================== search finished: 9/7/17 11:31 AM
  running jpf with args:
JavaPathfinder core system v8.0 (rev 32+) - (C) 2005-2014 United States Government. All rights reserved.


====================================================== system under test
gov.nasa.jpf.test.vm.reflection.MethodTest.runTestMethod()

====================================================== search started: 9/7/17 11:31 AM
7=>7
8=>8
9=>9
10=>ILLEGAL
3.1415=>ILLEGAL
3.14159=>ILLEGAL
true=>ILLEGAL
w=>119
hello=>ILLEGAL
null=>ILLEGAL

====================================================== results
no errors detected

====================================================== search finished: 9/7/17 11:31 AM
  running jpf with args:
JavaPathfinder core system v8.0 (rev 32+) - (C) 2005-2014 United States Government. All rights reserved.


====================================================== system under test
gov.nasa.jpf.test.vm.reflection.MethodTest.runTestMethod()

====================================================== search started: 9/7/17 11:31 AM
7=>7.0
8=>8.0
9=>9.0
10=>10.0
3.1415=>3.1414999961853027
3.14159=>3.14159
true=>ILLEGAL
w=>119.0
hello=>ILLEGAL
null=>ILLEGAL

====================================================== results
no errors detected

====================================================== search finished: 9/7/17 11:31 AM
  running jpf with args:
JavaPathfinder core system v8.0 (rev 32+) - (C) 2005-2014 United States Government. All rights reserved.


====================================================== system under test
gov.nasa.jpf.test.vm.reflection.MethodTest.runTestMethod()

====================================================== search started: 9/7/17 11:31 AM

====================================================== error 1
gov.nasa.jpf.vm.NoUncaughtExceptionsProperty
java.lang.reflect.InvocationTargetException: java.lang.Throwable
	at gov.nasa.jpf.test.vm.reflection.MethodTest.throwThrowable(MethodTest.java:263)
	at java.lang.reflect.Method.invoke(gov.nasa.jpf.vm.JPF_java_lang_reflect_Method)
	at gov.nasa.jpf.test.vm.reflection.MethodTest.invokeInvocationTargetException(MethodTest.java:275)
	at java.lang.reflect.Method.invoke(gov.nasa.jpf.vm.JPF_java_lang_reflect_Method)
	at gov.nasa.jpf.util.test.TestJPF.runTestMethod(TestJPF.java:648)
Caused by: java.lang.Throwable: purposeful exception
	at gov.nasa.jpf.test.vm.reflection.MethodTest.throwThrowable(MethodTest.java:263)
	at java.lang.reflect.Method.invoke(gov.nasa.jpf.vm.JPF_java_lang_reflect_Method)
	at gov.nasa.jpf.test.vm.reflection.MethodTest.invokeInvocationTargetException(MethodTest.java:275)
	at java.lang.reflect.Method.invoke(gov.nasa.jpf.vm.JPF_java_lang_reflect_Method)
	at gov.nasa.jpf.util.test.TestJPF.runTestMethod(TestJPF.java:648)


====================================================== snapshot #1
thread java.lang.Thread:{id:0,name:main,status:RUNNING,priority:5,isDaemon:false,lockCount:0,suspendCount:0}
  call stack:
	at gov.nasa.jpf.util.test.TestJPF.runTestMethod(TestJPF.java:650)


====================================================== results
error #1: gov.nasa.jpf.vm.NoUncaughtExceptionsProperty "java.lang.reflect.InvocationTargetException: java...."

====================================================== search finished: 9/7/17 11:31 AM
  running jpf with args:
JavaPathfinder core system v8.0 (rev 32+) - (C) 2005-2014 United States Government. All rights reserved.


====================================================== system under test
gov.nasa.jpf.test.vm.reflection.MethodTest.runTestMethod()

====================================================== search started: 9/7/17 11:31 AM

====================================================== error 1
gov.nasa.jpf.vm.NoUncaughtExceptionsProperty
java.lang.NullPointerException
	at java.lang.reflect.Method.invoke(gov.nasa.jpf.vm.JPF_java_lang_reflect_Method)
	at gov.nasa.jpf.test.vm.reflection.MethodTest.invokeNullObject(MethodTest.java:240)
	at java.lang.reflect.Method.invoke(gov.nasa.jpf.vm.JPF_java_lang_reflect_Method)
	at gov.nasa.jpf.util.test.TestJPF.runTestMethod(TestJPF.java:648)


====================================================== snapshot #1
thread java.lang.Thread:{id:0,name:main,status:RUNNING,priority:5,isDaemon:false,lockCount:0,suspendCount:0}
  call stack:
	at gov.nasa.jpf.util.test.TestJPF.runTestMethod(TestJPF.java:650)


====================================================== results
error #1: gov.nasa.jpf.vm.NoUncaughtExceptionsProperty "java.lang.NullPointerException  at java.lang.refle..."

====================================================== search finished: 9/7/17 11:31 AM
------------- ---------------- ---------------

Testcase: argTestNumber took 4.622 sec
Testcase: argTestObject took 1.867 sec
Testcase: testParameterAnnotations took 0.714 sec
Testcase: argTestString took 1.097 sec
Testcase: invokeWrongNumberOfArguments took 0.782 sec
Testcase: argTestByte took 0.794 sec
Testcase: argTestChar took 1.098 sec
Testcase: argTestLong took 1.165 sec
Testcase: testInstanceMethodInvoke took 0.627 sec
Testcase: getMethodCanFindNotify took 0.497 sec
Testcase: invokePrivateOtherClass took 0.477 sec
Testcase: argTestFloat took 0.805 sec
Testcase: argTestShort took 0.684 sec
Testcase: testStaticMethodInvoke took 0.525 sec
Testcase: getPrivateMethod took 0.562 sec
Testcase: testNoArgStaticMethodInvoke took 0.612 sec
Testcase: argTestIntArray took 0.554 sec
Testcase: testParameterTypes took 0.741 sec
Testcase: invokeWrongArgumentTypeReference took 0.534 sec
Testcase: invokePrivateSameClass took 0.362 sec
Testcase: invokePrivateOtherClassAccessible took 0.41 sec
Testcase: testReturnType took 0.504 sec
Testcase: argTestBoolean took 0.557 sec
Testcase: getDeclaredMethodCantFindNotify took 0.302 sec
Testcase: invokePrivateSuperclass took 0.305 sec
Testcase: invokeWrongThisType took 0.397 sec
Testcase: argTestInt took 0.455 sec
Testcase: argTestDouble took 1.068 sec
Testcase: invokeInvocationTargetException took 0.521 sec
Testcase: invokeNullObject took 0.333 sec
